#
# There is insufficient memory for the Java Runtime Environment to continue.
# Native memory allocation (mmap) failed to map 67108864 bytes for G1 virtual space
# Possible reasons:
#   The system is out of physical RAM or swap space
#   The process is running with CompressedOops enabled, and the Java Heap may be blocking the growth of the native heap
# Possible solutions:
#   Reduce memory load on the system
#   Increase physical memory or swap space
#   Check if swap backing store is full
#   Decrease Java heap size (-Xmx/-Xms)
#   Decrease number of Java threads
#   Decrease Java thread stack sizes (-Xss)
#   Set larger code cache with -XX:ReservedCodeCacheSize=
#   JVM is running with Unscaled Compressed Oops mode in which the Java heap is
#     placed in the first 4GB address space. The Java Heap base address is the
#     maximum limit for the native heap growth. Please use -XX:HeapBaseMinAddress
#     to set the Java Heap base and to place the Java Heap above 4GB virtual address.
# This output file may be truncated or incomplete.
#
#  Out of Memory Error (os_windows.cpp:3527), pid=7256, tid=13664
#
# JRE version:  (19.0.1+10) (build )
# Java VM: Java HotSpot(TM) 64-Bit Server VM (19.0.1+10-21, mixed mode, sharing, tiered, compressed oops, compressed class ptrs, g1 gc, windows-amd64)
# No core dump will be written. Minidumps are not enabled by default on client versions of Windows
#

---------------  S U M M A R Y ------------

Command Line: -Dfile.encoding=UTF-8 -XX:+ShowCodeDetailsInExceptionMessages vista.vPrincipalU

Host: Intel(R) Core(TM) i5-3470 CPU @ 3.20GHz, 4 cores, 3G,  Windows 10 , 64 bit Build 19041 (10.0.19041.2251)
Time: Thu Dec  8 22:27:23 2022 Hora estándar central (México) elapsed time: 0.027041 seconds (0d 0h 0m 0s)

---------------  T H R E A D  ---------------

Current thread (0x0000000002a38f00):  JavaThread "Unknown thread" [_thread_in_vm, id=13664, stack(0x0000000000900000,0x0000000000a00000)]

Stack: [0x0000000000900000,0x0000000000a00000]
Native frames: (J=compiled Java code, j=interpreted, Vv=VM code, C=native code)
V  [jvm.dll+0x6ee8fa]
V  [jvm.dll+0x857a1e]
V  [jvm.dll+0x85940e]
V  [jvm.dll+0x859ac3]
V  [jvm.dll+0x28291f]
V  [jvm.dll+0x6eb6e9]
V  [jvm.dll+0x6e028a]
V  [jvm.dll+0x357136]
V  [jvm.dll+0x35eb96]
V  [jvm.dll+0x3b555e]
V  [jvm.dll+0x3b578f]
V  [jvm.dll+0x32c6ea]
V  [jvm.dll+0x32d59e]
V  [jvm.dll+0x821b20]
V  [jvm.dll+0x3c27c1]
V  [jvm.dll+0x8022f1]
V  [jvm.dll+0x44b30f]
V  [jvm.dll+0x44cc91]
C  [jli.dll+0x5287]
C  [ucrtbase.dll+0x21bb2]
C  [KERNEL32.DLL+0x174b4]
C  [ntdll.dll+0x526a1]


---------------  P R O C E S S  ---------------

Threads class SMR info:
_java_thread_list=0x00007ffc9c1cd048, length=0, elements={
}

Java Threads: ( => current thread )

Other Threads:
  0x0000000002a7b3a0 WorkerThread "GC Thread#0" [stack: 0x0000000002830000,0x0000000002930000] [id=16896]
  0x0000000002a848c0 ConcurrentGCThread "G1 Main Marker" [stack: 0x000000001bed0000,0x000000001bfd0000] [id=18348]
  0x0000000002a852f0 WorkerThread "G1 Conc#0" [stack: 0x000000001bfd0000,0x000000001c0d0000] [id=11308]

[error occurred during error reporting (printing all threads), id 0xc0000005, EXCEPTION_ACCESS_VIOLATION (0xc0000005) at pc=0x00007ffc9b98d127]

VM state: not at safepoint (not fully initialized)

VM Mutex/Monitor currently owned by a thread:  ([mutex/lock_event])
[0x0000000002a33830] Heap_lock - owner thread: 0x0000000002a38f00

Heap address: 0x00000000c1c00000, size: 996 MB, Compressed Oops mode: 32-bit

CDS archive(s) mapped at: [0x0000000000000000-0x0000000000000000-0x0000000000000000), size 0, SharedBaseAddress: 0x0000000800000000, ArchiveRelocationMode: 0.
Narrow klass base: 0x0000000000000000, Narrow klass shift: 0, Narrow klass range: 0x0

GC Precious Log:
 CardTable entry size: 512
 Card Set container configuration: InlinePtr #cards 5 size 8 Array Of Cards #cards 12 size 40 Howl #buckets 4 coarsen threshold 1843 Howl Bitmap #cards 512 size 80 coarsen threshold 460 Card regions per heap region 1 cards per card region 2048

Heap:
 garbage-first heap   total 0K, used 0K [0x00000000c1c00000, 0x0000000100000000)
  region size 1024K, 0 young (0K), 0 survivors (0K)

[error occurred during error reporting (printing heap information), id 0xc0000005, EXCEPTION_ACCESS_VIOLATION (0xc0000005) at pc=0x00007ffc9bd96959]

GC Heap History (0 events):
No events

Dll operation events (1 events):
Event: 0.013 Loaded shared library C:\Program Files\Java\jdk-19\bin\java.dll

Deoptimization events (0 events):
No events

Classes loaded (0 events):
No events

Classes unloaded (0 events):
No events

Classes redefined (0 events):
No events

Internal exceptions (0 events):
No events

VM Operations (0 events):
No events

Events (0 events):
No events


Dynamic libraries:
0x00007ff68aaa0000 - 0x00007ff68aab0000 	C:\Program Files\Java\jdk-19\bin\javaw.exe
0x00007ffcffab0000 - 0x00007ffcffca8000 	C:\Windows\SYSTEM32\ntdll.dll
0x00007ffcff9b0000 - 0x00007ffcffa6f000 	C:\Windows\System32\KERNEL32.DLL
0x00007ffcfd410000 - 0x00007ffcfd6e2000 	C:\Windows\System32\KERNELBASE.dll
0x00007ffcfd2c0000 - 0x00007ffcfd3c0000 	C:\Windows\System32\ucrtbase.dll
0x00007ffce5c30000 - 0x00007ffce5c4b000 	C:\Program Files\Java\jdk-19\bin\VCRUNTIME140.dll
0x00007ffce5c50000 - 0x00007ffce5c68000 	C:\Program Files\Java\jdk-19\bin\jli.dll
0x00007ffcff4c0000 - 0x00007ffcff56e000 	C:\Windows\System32\ADVAPI32.dll
0x00007ffcfee60000 - 0x00007ffcfeefe000 	C:\Windows\System32\msvcrt.dll
0x00007ffcff7a0000 - 0x00007ffcff83c000 	C:\Windows\System32\sechost.dll
0x00007ffcfe490000 - 0x00007ffcfe5b5000 	C:\Windows\System32\RPCRT4.dll
0x00007ffcfe270000 - 0x00007ffcfe40d000 	C:\Windows\System32\USER32.dll
0x00007ffce8070000 - 0x00007ffce830a000 	C:\Windows\WinSxS\amd64_microsoft.windows.common-controls_6595b64144ccf1df_6.0.19041.1110_none_60b5254171f9507e\COMCTL32.dll
0x00007ffcfda20000 - 0x00007ffcfda42000 	C:\Windows\System32\win32u.dll
0x00007ffcfe450000 - 0x00007ffcfe47b000 	C:\Windows\System32\GDI32.dll
0x00007ffcfd910000 - 0x00007ffcfda1f000 	C:\Windows\System32\gdi32full.dll
0x00007ffcfd220000 - 0x00007ffcfd2bd000 	C:\Windows\System32\msvcp_win.dll
0x00007ffcef2e0000 - 0x00007ffcef2ea000 	C:\Windows\SYSTEM32\VERSION.dll
0x00007ffcfe410000 - 0x00007ffcfe442000 	C:\Windows\System32\IMM32.DLL
0x00007ffced200000 - 0x00007ffced20c000 	C:\Program Files\Java\jdk-19\bin\vcruntime140_1.dll
0x00007ffcdb1e0000 - 0x00007ffcdb26e000 	C:\Program Files\Java\jdk-19\bin\msvcp140.dll
0x00007ffc9b650000 - 0x00007ffc9c310000 	C:\Program Files\Java\jdk-19\bin\server\jvm.dll
0x00007ffce8c60000 - 0x00007ffce8c87000 	C:\Windows\SYSTEM32\WINMM.dll
0x00007ffcfa910000 - 0x00007ffcfa919000 	C:\Windows\SYSTEM32\WSOCK32.dll
0x00007ffcfef00000 - 0x00007ffcfef6b000 	C:\Windows\System32\WS2_32.dll
0x00007ffcfb090000 - 0x00007ffcfb0a2000 	C:\Windows\SYSTEM32\kernel.appcore.dll
0x00007ffcf4310000 - 0x00007ffcf431a000 	C:\Program Files\Java\jdk-19\bin\jimage.dll
0x00007ffcea1f0000 - 0x00007ffcea3d4000 	C:\Windows\SYSTEM32\DBGHELP.DLL
0x00007ffcea040000 - 0x00007ffcea06c000 	C:\Windows\SYSTEM32\dbgcore.DLL
0x00007ffcfd720000 - 0x00007ffcfd7a2000 	C:\Windows\System32\bcryptPrimitives.dll
0x00007ffcf2d00000 - 0x00007ffcf2d26000 	C:\Program Files\Java\jdk-19\bin\java.dll

dbghelp: loaded successfully - version: 4.0.5 - missing functions: none
symbol engine: initialized successfully - sym options: 0x614 - pdb path: .;C:\Program Files\Java\jdk-19\bin;C:\Windows\SYSTEM32;C:\Windows\WinSxS\amd64_microsoft.windows.common-controls_6595b64144ccf1df_6.0.19041.1110_none_60b5254171f9507e;C:\Program Files\Java\jdk-19\bin\server

VM Arguments:
jvm_args: -Dfile.encoding=UTF-8 -XX:+ShowCodeDetailsInExceptionMessages 
java_command: vista.vPrincipalU
java_class_path (initial): C:\Users\virip\OneDrive\Escritorio\Repositorios\ProyectoFP\bin;C:\Users\virip\OneDrive\Escritorio\Repositorios\ProyectoFP\src\Conexion\sqlite-jdbc-3.39.3.0.jar;C:\Users\virip\OneDrive\Escritorio\Repositorios\ProyectoFP\itextpdf-5.5.9.jar;C:\Users\virip\OneDrive\Escritorio\Repositorios\ProyectoFP\jgoodies-common-1.8.0.jar;C:\Users\virip\OneDrive\Escritorio\Repositorios\ProyectoFP\jgoodies-forms-1.8.0.jar;C:\Users\virip\OneDrive\Escritorio\Repositorios\ProyectoFP\src\AbsoluteLayout.jar;C:\Users\virip\OneDrive\Escritorio\Repositorios\ProyectoFP\junit-4.6.jar;C:\Users\virip\OneDrive\Escritorio\Repositorios\ProyectoFP\jgoodies-looks-2.4.1.jar;C:\Users\virip\OneDrive\Escritorio\Repositorios\ProyectoFP\jgoodies-forms-1.8.0-sources.jar;C:\Users\virip\OneDrive\Escritorio\Repositorios\ProyectoFP\jgoodies-common-1.8.0-sources.jar;C:\Users\virip\OneDrive\Escritorio\Repositorios\ProyectoFP\jgoodies-common-1.2.0.jar;C:\Users\virip\OneDrive\Escritorio\Repositorios\ProyectoFP\jcalendar-1.4.jar;C:\Users\virip\OneDrive\Escritorio\Repositorios\ProyectoFP\sun.misc.BASE64Decoder.jar;C:\Users\virip\OneDrive\Escritorio\Repositorios\ProyectoFP\src\Conexion\mysql-connector-java-8.0.22.jar
Launcher Type: SUN_STANDARD

[Global flags]
     intx CICompilerCount                          = 3                                         {product} {ergonomic}
     uint ConcGCThreads                            = 1                                         {product} {ergonomic}
     uint G1ConcRefinementThreads                  = 4                                         {product} {ergonomic}
   size_t G1HeapRegionSize                         = 1048576                                   {product} {ergonomic}
    uintx GCDrainStackTargetSize                   = 64                                        {product} {ergonomic}
   size_t InitialHeapSize                          = 67108864                                  {product} {ergonomic}
   size_t MarkStackSize                            = 4194304                                   {product} {ergonomic}
   size_t MaxHeapSize                              = 1044381696                                {product} {ergonomic}
   size_t MinHeapDeltaBytes                        = 1048576                                   {product} {ergonomic}
   size_t MinHeapSize                              = 8388608                                   {product} {ergonomic}
    uintx NonNMethodCodeHeapSize                   = 5832780                                {pd product} {ergonomic}
    uintx NonProfiledCodeHeapSize                  = 122912730                              {pd product} {ergonomic}
    uintx ProfiledCodeHeapSize                     = 122912730                              {pd product} {ergonomic}
    uintx ReservedCodeCacheSize                    = 251658240                              {pd product} {ergonomic}
     bool SegmentedCodeCache                       = true                                      {product} {ergonomic}
     bool ShowCodeDetailsInExceptionMessages       = true                                   {manageable} {command line}
   size_t SoftMaxHeapSize                          = 1044381696                             {manageable} {ergonomic}
     bool UseCompressedClassPointers               = true                           {product lp64_product} {ergonomic}
     bool UseCompressedOops                        = true                           {product lp64_product} {ergonomic}
     bool UseG1GC                                  = true                                      {product} {ergonomic}
     bool UseLargePagesIndividualAllocation        = false                                  {pd product} {ergonomic}

Logging:
Log output configuration:
 #0: stdout all=warning uptime,level,tags foldmultilines=false
 #1: stderr all=off uptime,level,tags foldmultilines=false

Environment Variables:
PATH=C:/Program Files/Java/jdk-19/bin/server;C:/Program Files/Java/jdk-19/bin;C:\Program Files\Common Files\Oracle\Java\javapath;C:\Windows\system32;C:\Windows;C:\Windows\System32\Wbem;C:\Windows\System32\WindowsPowerShell\v1.0\;C:\Windows\System32\OpenSSH\;C:\Program Files\Java\jdk-19\bin;C:\Users\virip\AppData\Local\Microsoft\WindowsApps;;C:\Users\virip\OneDrive\Escritorio;
USERNAME=VIRIDIANA
OS=Windows_NT
PROCESSOR_IDENTIFIER=Intel64 Family 6 Model 58 Stepping 9, GenuineIntel
TMP=C:\Users\virip\AppData\Local\Temp
TEMP=C:\Users\virip\AppData\Local\Temp



---------------  S Y S T E M  ---------------

OS:
 Windows 10 , 64 bit Build 19041 (10.0.19041.2251)
OS uptime: 0 days 15:24 hours

CPU: total 4 (initial active 4) (4 cores per cpu, 1 threads per core) family 6 model 58 stepping 9 microcode 0x21, cx8, cmov, fxsr, mmx, sse, sse2, sse3, ssse3, sse4.1, sse4.2, popcnt, tsc, tscinvbit, avx, aes, erms, clmul, vzeroupper, clflush, rdtscp

Memory: 4k page, system-wide physical 3982M (283M free)
TotalPageFile size 16270M (AvailPageFile size 4M)
current process WorkingSet (physical memory assigned to process): 10M, peak: 10M
current process commit charge ("private bytes"): 51M, peak: 115M

vm_info: Java HotSpot(TM) 64-Bit Server VM (19.0.1+10-21) for windows-amd64 JRE (19.0.1+10-21), built on 2022-09-14T12:45:06Z by "mach5one" with MS VC++ 17.1 (VS2022)

END.
